\BOOKMARK [2][-]{section*.1}{\376\377\000Q\000u\000e\000s\000t\000i\000o\000n\000\040\0001}{}% 1
\BOOKMARK [2][-]{section*.2}{\376\377\000Q\000u\000e\000s\000t\000i\000o\000n\000\040\0002}{}% 2
\BOOKMARK [2][-]{section*.3}{\376\377\000Q\000u\000e\000s\000t\000i\000o\000n\000\040\0003}{}% 3
\BOOKMARK [2][-]{section*.4}{\376\377\000Q\000u\000e\000s\000t\000i\000o\000n\000\040\0004}{}% 4
\BOOKMARK [2][-]{section*.5}{\376\377\000Q\000u\000e\000s\000t\000i\000o\000n\000\040\0005}{}% 5
\BOOKMARK [2][-]{section*.6}{\376\377\000Q\000u\000e\000s\000t\000i\000o\000n\000\040\0006}{}% 6
\BOOKMARK [2][-]{section*.7}{\376\377\000Q\000u\000e\000s\000t\000i\000o\000n\000\040\0007}{}% 7
\BOOKMARK [1][-]{section*.8}{\376\377\000W\000o\000r\000k\000i\000n\000g\000\040\000w\000i\000t\000h\000\040\000d\000a\000t\000e\000s}{}% 8
\BOOKMARK [2][-]{section*.9}{\376\377\000Q\000u\000e\000s\000t\000i\000o\000n\000\040\0009}{section*.8}% 9
\BOOKMARK [2][-]{section*.10}{\376\377\000Q\000u\000e\000s\000t\000i\000o\000n\000\040\0001\0000}{section*.8}% 10
\BOOKMARK [1][-]{section*.11}{\376\377\000W\000o\000r\000k\000i\000n\000g\000\040\000w\000i\000t\000h\000\040\000z\000i\000p\000c\000o\000d\000e\000s}{}% 11
\BOOKMARK [1][-]{section*.12}{\376\377\000F\000o\000c\000u\000s\000\040\000o\000n\000\040\000S\000a\000n\000\040\000D\000i\000e\000g\000o\000\040\000c\000o\000u\000n\000t\000y}{}% 12
\BOOKMARK [2][-]{section*.13}{\376\377\000Q\000u\000e\000s\000t\000i\000o\000n\000\040\0001\0001}{section*.12}% 13
\BOOKMARK [2][-]{section*.14}{\376\377\000Q\000u\000e\000s\000t\000i\000o\000n\000\040\0001\0002}{section*.12}% 14
\BOOKMARK [1][-]{section*.15}{\376\377\000D\000a\000t\000a\000\040\000f\000o\000r\000\040\0002\0000\0002\0002\000-\0000\0003\000-\0000\0001}{}% 15
\BOOKMARK [2][-]{section*.16}{\376\377\000Q\000u\000e\000s\000t\000i\000o\000n\000\040\0001\0003}{section*.15}% 16
\BOOKMARK [2][-]{section*.17}{\376\377\000Q\000u\000e\000s\000t\000i\000o\000n\000\040\0001\0004}{section*.15}% 17
\BOOKMARK [1][-]{section*.18}{\376\377\000U\000C\000S\000D\000\040\000d\000a\000t\000a}{}% 18
\BOOKMARK [2][-]{section*.19}{\376\377\000Q\000u\000e\000s\000t\000i\000o\000n\000\040\0001\0005}{section*.18}% 19
\BOOKMARK [2][-]{section*.20}{\376\377\000Q\000u\000e\000s\000t\000i\000o\000n\000\040\0001\0006}{section*.18}% 20
\BOOKMARK [2][-]{section*.21}{\376\377\000Q\000u\000e\000s\000t\000i\000o\000n\000\040\0001\0007}{section*.18}% 21
\BOOKMARK [2][-]{section*.22}{\376\377\000Q\000u\000e\000s\000t\000i\000o\000n\000\040\0001\0008}{section*.18}% 22
\BOOKMARK [2][-]{section*.23}{\376\377\000Q\000u\000e\000s\000t\000i\000o\000n\000\040\0002\0000}{section*.18}% 23
